2025-01-20 21:00:15,846 - INFO - --- config: Namespace(dataset='nus-wide', data_pth='data', batch_size=64, feat_lens=512, epoch=50, hash_lens=64, device=0, is_train=True, model_dir='./checkpoints', result_dir='./result', freq=1, evl_epoch=8, k_num=3500, ¦Á=4000, tag_threshold=0.2, lamda1=0.8, lamda2=0.15, lamda3=0.05)
2025-01-20 21:00:15,847 - INFO - =============== nus-wide--64 bits--Total epochs:50 ===============
2025-01-20 21:00:23,647 - INFO - ...Training is beginning...
2025-01-20 21:00:23,647 - INFO - =============== epoch: 1===============
2025-01-20 21:00:27,603 - INFO - Training loss: 473.59627199172974
2025-01-20 21:00:27,604 - INFO - =============== epoch: 2===============
2025-01-20 21:00:31,240 - INFO - Training loss: 434.74070167541504
2025-01-20 21:00:31,241 - INFO - =============== epoch: 3===============
2025-01-20 21:00:35,319 - INFO - Training loss: 427.0332365036011
2025-01-20 21:00:35,319 - INFO - =============== epoch: 4===============
2025-01-20 21:00:39,151 - INFO - Training loss: 420.37735509872437
2025-01-20 21:00:39,152 - INFO - =============== epoch: 5===============
2025-01-20 21:00:43,056 - INFO - Training loss: 415.74043369293213
2025-01-20 21:00:43,056 - INFO - =============== epoch: 6===============
2025-01-20 21:00:46,775 - INFO - Training loss: 411.59921646118164
2025-01-20 21:00:46,775 - INFO - =============== epoch: 7===============
2025-01-20 21:00:51,070 - INFO - Training loss: 408.0563311576843
2025-01-20 21:00:51,070 - INFO - =============== epoch: 8===============
2025-01-20 21:00:55,108 - INFO - Training loss: 403.62354135513306
2025-01-20 21:00:55,108 - INFO - =============== epoch: 9===============
2025-01-20 21:00:59,002 - INFO - Training loss: 401.5212335586548
2025-01-20 21:00:59,003 - INFO - Testing...
2025-01-20 21:01:15,120 - INFO - **Save the model successfully.**
2025-01-20 21:01:15,461 - INFO - max_mAPi2t : 0.6843416690826416
2025-01-20 21:01:15,461 - INFO - max_mAPt2i : 0.6963974237442017
2025-01-20 21:01:15,479 - INFO - I2T: 0.6843416690826416, T2I: 0.6963974237442017
2025-01-20 21:01:15,479 - INFO - =============== epoch: 10===============
2025-01-20 21:01:19,823 - INFO - Training loss: 399.79359197616577
2025-01-20 21:01:19,823 - INFO - Testing...
2025-01-20 21:01:36,710 - INFO - **Save the model successfully.**
2025-01-20 21:01:37,054 - INFO - max_mAPi2t : 0.6795205473899841
2025-01-20 21:01:37,054 - INFO - max_mAPt2i : 0.7033194303512573
2025-01-20 21:01:37,072 - INFO - I2T: 0.6795205473899841, T2I: 0.7033194303512573
2025-01-20 21:01:37,072 - INFO - =============== epoch: 11===============
2025-01-20 21:01:41,086 - INFO - Training loss: 397.55409145355225
2025-01-20 21:01:41,086 - INFO - Testing...
2025-01-20 21:01:56,359 - INFO - max_mAPi2t : 0.6795205473899841
2025-01-20 21:01:56,359 - INFO - max_mAPt2i : 0.7033194303512573
2025-01-20 21:01:56,381 - INFO - I2T: 0.6784937977790833, T2I: 0.7021467685699463
2025-01-20 21:01:56,381 - INFO - =============== epoch: 12===============
2025-01-20 21:02:00,226 - INFO - Training loss: 395.0792827606201
2025-01-20 21:02:00,226 - INFO - Testing...
2025-01-20 21:02:15,655 - INFO - max_mAPi2t : 0.6795205473899841
2025-01-20 21:02:15,655 - INFO - max_mAPt2i : 0.7033194303512573
2025-01-20 21:02:15,671 - INFO - I2T: 0.6761969923973083, T2I: 0.6998169422149658
2025-01-20 21:02:15,671 - INFO - =============== epoch: 13===============
2025-01-20 21:02:19,685 - INFO - Training loss: 393.8649392127991
2025-01-20 21:02:19,685 - INFO - Testing...
2025-01-20 21:02:36,339 - INFO - **Save the model successfully.**
2025-01-20 21:02:36,671 - INFO - max_mAPi2t : 0.6846821308135986
2025-01-20 21:02:36,671 - INFO - max_mAPt2i : 0.702531099319458
2025-01-20 21:02:36,691 - INFO - I2T: 0.6846821308135986, T2I: 0.702531099319458
2025-01-20 21:02:36,691 - INFO - =============== epoch: 14===============
2025-01-20 21:02:40,556 - INFO - Training loss: 392.33929777145386
2025-01-20 21:02:40,557 - INFO - Testing...
2025-01-20 21:02:55,013 - INFO - max_mAPi2t : 0.6846821308135986
2025-01-20 21:02:55,013 - INFO - max_mAPt2i : 0.702531099319458
2025-01-20 21:02:55,029 - INFO - I2T: 0.6782919764518738, T2I: 0.7009227275848389
2025-01-20 21:02:55,029 - INFO - =============== epoch: 15===============
2025-01-20 21:02:58,989 - INFO - Training loss: 391.5614938735962
2025-01-20 21:02:58,989 - INFO - Testing...
2025-01-20 21:03:13,008 - INFO - max_mAPi2t : 0.6846821308135986
2025-01-20 21:03:13,008 - INFO - max_mAPt2i : 0.702531099319458
2025-01-20 21:03:13,024 - INFO - I2T: 0.6769702434539795, T2I: 0.6998427510261536
2025-01-20 21:03:13,024 - INFO - =============== epoch: 16===============
2025-01-20 21:03:16,936 - INFO - Training loss: 389.96261978149414
2025-01-20 21:03:16,936 - INFO - Testing...
2025-01-20 21:03:31,748 - INFO - max_mAPi2t : 0.6846821308135986
2025-01-20 21:03:31,748 - INFO - max_mAPt2i : 0.702531099319458
2025-01-20 21:03:31,764 - INFO - I2T: 0.6790882349014282, T2I: 0.6997348070144653
2025-01-20 21:03:31,764 - INFO - =============== epoch: 17===============
2025-01-20 21:03:35,534 - INFO - Training loss: 389.1282391548157
2025-01-20 21:03:35,534 - INFO - Testing...
2025-01-20 21:03:49,741 - INFO - max_mAPi2t : 0.6846821308135986
2025-01-20 21:03:49,741 - INFO - max_mAPt2i : 0.702531099319458
2025-01-20 21:03:49,757 - INFO - I2T: 0.6785424947738647, T2I: 0.700819194316864
2025-01-20 21:03:49,757 - INFO - =============== epoch: 18===============
2025-01-20 21:03:53,524 - INFO - Training loss: 387.52716588974
2025-01-20 21:03:53,525 - INFO - Testing...
2025-01-20 21:04:07,632 - INFO - max_mAPi2t : 0.6846821308135986
2025-01-20 21:04:07,632 - INFO - max_mAPt2i : 0.702531099319458
2025-01-20 21:04:07,648 - INFO - I2T: 0.67435222864151, T2I: 0.7027627825737
2025-01-20 21:04:07,648 - INFO - =============== epoch: 19===============
2025-01-20 21:04:11,405 - INFO - Training loss: 387.302077293396
2025-01-20 21:04:11,406 - INFO - Testing...
2025-01-20 21:04:25,903 - INFO - max_mAPi2t : 0.6846821308135986
2025-01-20 21:04:25,903 - INFO - max_mAPt2i : 0.702531099319458
2025-01-20 21:04:25,919 - INFO - I2T: 0.6761281490325928, T2I: 0.6981633305549622
2025-01-20 21:04:25,919 - INFO - =============== epoch: 20===============
