2025-01-20 20:58:57,960 - INFO - --- config: Namespace(dataset='nus-wide', data_pth='data', batch_size=64, feat_lens=512, epoch=50, hash_lens=32, device=0, is_train=True, model_dir='./checkpoints', result_dir='./result', freq=1, evl_epoch=8, k_num=3500, ¦Á=4000, tag_threshold=0.2, lamda1=0.8, lamda2=0.15, lamda3=0.05)
2025-01-20 20:58:57,960 - INFO - =============== nus-wide--32 bits--Total epochs:50 ===============
2025-01-20 20:59:05,162 - INFO - ...Training is beginning...
2025-01-20 20:59:05,162 - INFO - =============== epoch: 1===============
2025-01-20 20:59:09,153 - INFO - Training loss: 471.21209478378296
2025-01-20 20:59:09,154 - INFO - =============== epoch: 2===============
2025-01-20 20:59:12,977 - INFO - Training loss: 435.26579999923706
2025-01-20 20:59:12,977 - INFO - =============== epoch: 3===============
2025-01-20 20:59:17,057 - INFO - Training loss: 427.87854051589966
2025-01-20 20:59:17,057 - INFO - =============== epoch: 4===============
2025-01-20 20:59:20,778 - INFO - Training loss: 421.4919719696045
2025-01-20 20:59:20,778 - INFO - =============== epoch: 5===============
2025-01-20 20:59:24,736 - INFO - Training loss: 416.9729804992676
2025-01-20 20:59:24,736 - INFO - =============== epoch: 6===============
2025-01-20 20:59:28,893 - INFO - Training loss: 412.34182834625244
2025-01-20 20:59:28,893 - INFO - =============== epoch: 7===============
2025-01-20 20:59:32,561 - INFO - Training loss: 408.7633628845215
2025-01-20 20:59:32,561 - INFO - =============== epoch: 8===============
2025-01-20 20:59:36,444 - INFO - Training loss: 405.9026560783386
2025-01-20 20:59:36,444 - INFO - =============== epoch: 9===============
2025-01-20 20:59:40,674 - INFO - Training loss: 403.2546195983887
2025-01-20 20:59:40,674 - INFO - Testing...
2025-01-20 20:59:58,718 - INFO - **Save the model successfully.**
2025-01-20 20:59:58,801 - INFO - max_mAPi2t : 0.6797290444374084
2025-01-20 20:59:58,802 - INFO - max_mAPt2i : 0.7028226852416992
2025-01-20 20:59:58,816 - INFO - I2T: 0.6797290444374084, T2I: 0.7028226852416992
2025-01-20 20:59:58,816 - INFO - =============== epoch: 10===============
2025-01-20 21:00:02,777 - INFO - Training loss: 399.97360038757324
2025-01-20 21:00:02,778 - INFO - Testing...
